2023.05.21 20:17:47 INFO  Started: Metals version 0.11.11 in workspace '/home/hrish/java-workspace/test-containers' for client Visual Studio Code 1.77.0.[0m
SLF4J: No SLF4J providers were found.
SLF4J: Defaulting to no-operation (NOP) logger implementation
SLF4J: See https://www.slf4j.org/codes.html#noProviders for further details.
SLF4J: Class path contains SLF4J bindings targeting slf4j-api versions 1.7.x or earlier.
SLF4J: Ignoring binding found at [jar:file:/home/hrish/.cache/coursier/v1/https/repo1.maven.org/maven2/com/outr/scribe-slf4j_2.13/3.11.0/scribe-slf4j_2.13-3.11.0.jar!/org/slf4j/impl/StaticLoggerBinder.class]
SLF4J: See https://www.slf4j.org/codes.html#ignoredBindings for an explanation.
2023.05.21 20:17:58 INFO  time: initialize in 10s[0m
2023.05.21 20:18:12 WARN  Build server is not auto-connectable.[0m
2023.05.21 20:18:12 WARN  no build target for: /home/hrish/java-workspace/test-containers/src/test/java/com/example/testcontainers/TestContainersApplicationTests.java[0m
2023.05.21 20:18:37 INFO  time: code lens generation in 24s[0m
2023.05.21 20:19:09 INFO  time: code lens generation in 11s[0m
2023.05.21 20:19:21 INFO  time: code lens generation in 17s[0m
2023.05.21 20:21:47 INFO  time: code lens generation in 7.47s[0m
2023.05.21 20:21:56 WARN  no build target for: /home/hrish/java-workspace/test-containers/src/test/java/com/example/testcontainers/AbstractIntegrationTest.java[0m
May 21, 2023 8:22:02 PM org.eclipse.lsp4j.jsonrpc.RemoteEndpoint handleCancellation
WARNING: Unmatched cancel notification for request id 16
May 21, 2023 8:22:06 PM org.eclipse.lsp4j.jsonrpc.RemoteEndpoint handleCancellation
WARNING: Unmatched cancel notification for request id 17
May 21, 2023 8:22:06 PM org.eclipse.lsp4j.jsonrpc.RemoteEndpoint handleCancellation
WARNING: Unmatched cancel notification for request id 21
2023.05.21 20:23:23 WARN  no build target for: /home/hrish/java-workspace/test-containers/src/test/java/com/example/testcontainers/AbstractIntegrationTest.java[0m
2023.05.21 20:23:32 WARN  no build target for: /home/hrish/java-workspace/test-containers/src/test/java/com/example/testcontainers/TestContainersApplicationTests.java[0m
2023.05.21 20:23:35 WARN  no build target for: /home/hrish/java-workspace/test-containers/src/test/java/com/example/testcontainers/users/UserApiIntegrationTests.java[0m
2023.05.21 20:27:27 WARN  no build target for: /home/hrish/java-workspace/test-containers/src/test/java/com/example/testcontainers/AbstractIntegrationTest.java[0m
2023.05.21 20:27:30 INFO  time: code lens generation in 2.72s[0m
2023.05.21 20:28:14 WARN  no build target for: /home/hrish/java-workspace/test-containers/src/test/java/com/example/testcontainers/AbstractIntegrationTest.java[0m
May 21, 2023 8:30:09 PM org.eclipse.lsp4j.jsonrpc.RemoteEndpoint handleCancellation
WARNING: Unmatched cancel notification for request id 183
May 21, 2023 8:30:09 PM org.eclipse.lsp4j.jsonrpc.RemoteEndpoint handleCancellation
WARNING: Unmatched cancel notification for request id 184
May 21, 2023 8:30:09 PM org.eclipse.lsp4j.jsonrpc.RemoteEndpoint handleCancellation
WARNING: Unmatched cancel notification for request id 186
May 21, 2023 8:30:09 PM org.eclipse.lsp4j.jsonrpc.RemoteEndpoint handleCancellation
WARNING: Unmatched cancel notification for request id 187
May 21, 2023 8:30:09 PM org.eclipse.lsp4j.jsonrpc.RemoteEndpoint handleCancellation
WARNING: Unmatched cancel notification for request id 185
May 21, 2023 8:30:09 PM org.eclipse.lsp4j.jsonrpc.RemoteEndpoint handleCancellation
WARNING: Unmatched cancel notification for request id 188
May 21, 2023 8:30:09 PM org.eclipse.lsp4j.jsonrpc.RemoteEndpoint handleCancellation
WARNING: Unmatched cancel notification for request id 191
May 21, 2023 8:30:09 PM org.eclipse.lsp4j.jsonrpc.RemoteEndpoint handleCancellation
WARNING: Unmatched cancel notification for request id 192
2023.05.21 20:30:48 WARN  no build target for: /home/hrish/java-workspace/test-containers/src/test/java/com/example/testcontainers/AbstractIntegrationTest.java[0m
May 21, 2023 8:31:09 PM org.eclipse.lsp4j.jsonrpc.RemoteEndpoint handleCancellation
WARNING: Unmatched cancel notification for request id 258
2023.05.21 20:31:57 WARN  no build target for: /home/hrish/java-workspace/test-containers/src/test/java/com/example/testcontainers/AbstractIntegrationTest.java[0m
2023.05.21 20:32:20 WARN  no build target for: /home/hrish/java-workspace/test-containers/src/test/java/com/example/testcontainers/AbstractIntegrationTest.java[0m
2023.05.21 20:37:16 WARN  no build target for: /home/hrish/java-workspace/test-containers/src/test/java/com/example/testcontainers/AbstractIntegrationTest.java[0m
2023.05.21 20:44:00 WARN  no build target for: /home/hrish/java-workspace/test-containers/src/test/java/com/example/testcontainers/TestContainersApplicationTests.java[0m
2023.05.21 20:44:04 WARN  no build target for: /home/hrish/java-workspace/test-containers/src/test/java/com/example/testcontainers/users/UserApiIntegrationTests.java[0m
2023.05.21 20:44:14 WARN  no build target for: /home/hrish/java-workspace/test-containers/src/test/java/com/example/testcontainers/users/UserApiIntegrationTests.java[0m
2023.05.21 20:44:22 WARN  no build target for: /home/hrish/java-workspace/test-containers/src/test/java/com/example/testcontainers/users/UserApiIntegrationTests.java[0m
2023.05.21 20:44:26 WARN  no build target for: /home/hrish/java-workspace/test-containers/src/test/java/com/example/testcontainers/users/UserApiIntegrationTests.java[0m
May 21, 2023 8:47:11 PM org.eclipse.lsp4j.jsonrpc.RemoteEndpoint handleCancellation
WARNING: Unmatched cancel notification for request id 600
2023.05.21 20:48:52 INFO  Shutting down server[0m
2023.05.21 20:48:52 INFO  shutting down Metals[0m
2023.05.21 20:51:05 INFO  Started: Metals version 0.11.12 in workspace '/home/hrish/java-workspace/test-containers' for client Visual Studio Code 1.77.0.[0m
May 21, 2023 8:51:05 PM org.flywaydb.core.internal.license.VersionPrinter printVersionOnly
INFO: Flyway Community Edition 9.16.3 by Redgate
May 21, 2023 8:51:05 PM org.flywaydb.core.internal.license.VersionPrinter printVersion
INFO: See release notes here: https://rd.gt/416ObMi
May 21, 2023 8:51:05 PM org.flywaydb.core.internal.license.VersionPrinter printVersion
INFO: 
May 21, 2023 8:51:06 PM org.flywaydb.core.internal.database.base.BaseDatabaseType createDatabase
INFO: Database: jdbc:h2:file:/home/hrish/java-workspace/test-containers/.metals/metals (H2 2.1)
May 21, 2023 8:51:06 PM org.flywaydb.core.internal.command.DbValidate validate
INFO: Successfully validated 4 migrations (execution time 00:00.021s)
May 21, 2023 8:51:06 PM org.flywaydb.core.internal.command.DbMigrate migrateGroup
INFO: Current version of schema "PUBLIC": 4
May 21, 2023 8:51:06 PM org.flywaydb.core.internal.command.DbMigrate logSummary
INFO: Schema "PUBLIC" is up to date. No migration necessary.
2023.05.21 20:51:07 INFO  time: initialize in 1.83s[0m
2023.05.21 20:51:09 WARN  Build server is not auto-connectable.[0m
2023.05.21 20:51:09 WARN  no build target for: /home/hrish/java-workspace/test-containers/src/test/java/com/example/testcontainers/AbstractIntegrationTest.java[0m
May 21, 2023 8:51:10 PM org.eclipse.lsp4j.jsonrpc.RemoteEndpoint handleCancellation
WARNING: Unmatched cancel notification for request id 1
2023.05.21 20:51:11 INFO  time: code lens generation in 1.07s[0m
May 21, 2023 8:53:37 PM org.eclipse.lsp4j.jsonrpc.services.GenericEndpoint notify
INFO: Unsupported notification method: $/setTrace
2023.05.21 20:55:12 WARN  no build target for: /home/hrish/java-workspace/test-containers/src/test/java/com/example/testcontainers/users/UserApiIntegrationTests.java[0m
2023.05.21 20:55:14 INFO  time: code lens generation in 1.16s[0m
May 21, 2023 8:55:33 PM org.eclipse.lsp4j.jsonrpc.services.GenericEndpoint notify
INFO: Unsupported notification method: $/setTrace
May 21, 2023 8:56:13 PM org.eclipse.lsp4j.jsonrpc.services.GenericEndpoint notify
INFO: Unsupported notification method: $/setTrace
2023.05.21 21:00:32 INFO  Shutting down server[0m
2023.05.21 21:00:32 INFO  shutting down Metals[0m
2023.05.21 21:00:32 INFO  Exiting server[0m
